Remember that you can report errors and get help in https://github.com/NicoSantangelo/sublime-gulp

08-22-2017 11:41:
/Users/albertdeng/Library/Application Support/Sublime Text 3/Packages/Gulp/write_tasks_to_cache.js:31
        throw ex;
        ^

Error: Cannot find module 'gulp-autoprefixer'
    at Function.Module._resolveFilename (module.js:469:15)
    at Function.Module._load (module.js:417:25)
    at Module.require (module.js:497:17)
    at require (internal/module.js:20:19)
    at Object.<anonymous> (/Users/albertdeng/Desktop/haha/blueplanet_net/.sublime-gulp-tmp.js:6:20)
    at Module._compile (module.js:570:32)
    at Object.Module._extensions..js (module.js:579:10)
    at Module.load (module.js:487:32)
    at tryModuleLoad (module.js:446:12)
    at Function.Module._load (module.js:438:3)


08-28-2017 11:14:
/Users/albertdeng/Library/Application Support/Sublime Text 3/Packages/Gulp/write_tasks_to_cache.js:31
        throw ex;
        ^

Error: Cannot find module 'gulp-autoprefixer'
    at Function.Module._resolveFilename (module.js:469:15)
    at Function.Module._load (module.js:417:25)
    at Module.require (module.js:497:17)
    at require (internal/module.js:20:19)
    at Object.<anonymous> (/Users/albertdeng/Desktop/haha/taipei_music_center/.sublime-gulp-tmp.js:6:20)
    at Module._compile (module.js:570:32)
    at Object.Module._extensions..js (module.js:579:10)
    at Module.load (module.js:487:32)
    at tryModuleLoad (module.js:446:12)
    at Function.Module._load (module.js:438:3)
